INFO exec -a "java" java -XX:MaxRAMPercentage=80.0 -XX:+UseParallelGC -XX:MinHeapFreeRatio=10 -XX:MaxHeapFreeRatio=20 -XX:GCTimeRatio=4 -XX:AdaptiveSizePolicyWeight=90 -XX:+ExitOnOutOfMemoryError -cp "." -jar /deployments/apicurio-registry-app-3.0.9-runner.jar 
INFO running in /deployments
__  ____  __  _____   ___  __ ____  ______ 
 --/ __ \/ / / / _ | / _ \/ //_/ / / / __/ 
 -/ /_/ / /_/ / __ |/ , _/ ,< / /_/ /\ \   
--\___\_\____/_/ |_/_/|_/_/|_|\____/___/   
2025-08+00-05 18:18:24 WARN [null] (main) The 'quarkus.log.console.color' config property is deprecated and should not be used anymore
2025-08+00-05 18:18:25 WARN [io.quarkus.agroal.runtime.AgroalEventLoggingListener] (agroal-11) Datasource 'postgresql': Connection to postgresql:5432 refused. Check that the hostname and port are correct and that the postmaster is accepting TCP/IP connections.
2025-08+00-05 18:18:25 WARN [io.quarkus.agroal.runtime.AgroalEventLoggingListener] (agroal-11) Datasource 'postgresql': Connection to postgresql:5432 refused. Check that the hostname and port are correct and that the postmaster is accepting TCP/IP connections.
2025-08+00-05 18:18:25 WARN [io.quarkus.agroal.runtime.AgroalEventLoggingListener] (agroal-11) Datasource 'postgresql': Connection to postgresql:5432 refused. Check that the hostname and port are correct and that the postmaster is accepting TCP/IP connections.
2025-08+00-05 18:18:25 WARN [io.quarkus.agroal.runtime.AgroalEventLoggingListener] (agroal-11) Datasource 'postgresql': Connection to postgresql:5432 refused. Check that the hostname and port are correct and that the postmaster is accepting TCP/IP connections.
2025-08+00-05 18:18:25 WARN [io.quarkus.agroal.runtime.AgroalEventLoggingListener] (agroal-11) Datasource 'postgresql': Connection to postgresql:5432 refused. Check that the hostname and port are correct and that the postmaster is accepting TCP/IP connections.
2025-08+00-05 18:18:25 WARN [io.quarkus.agroal.runtime.AgroalEventLoggingListener] (agroal-11) Datasource 'postgresql': Connection to postgresql:5432 refused. Check that the hostname and port are correct and that the postmaster is accepting TCP/IP connections.
2025-08+00-05 18:18:25 WARN [io.quarkus.agroal.runtime.AgroalEventLoggingListener] (agroal-11) Datasource 'postgresql': Connection to postgresql:5432 refused. Check that the hostname and port are correct and that the postmaster is accepting TCP/IP connections.
2025-08+00-05 18:18:25 WARN [io.quarkus.agroal.runtime.AgroalEventLoggingListener] (agroal-11) Datasource 'postgresql': Connection to postgresql:5432 refused. Check that the hostname and port are correct and that the postmaster is accepting TCP/IP connections.
2025-08+00-05 18:18:25 WARN [io.quarkus.agroal.runtime.AgroalEventLoggingListener] (agroal-11) Datasource 'postgresql': Connection to postgresql:5432 refused. Check that the hostname and port are correct and that the postmaster is accepting TCP/IP connections.
2025-08+00-05 18:18:25 WARN [io.quarkus.agroal.runtime.AgroalEventLoggingListener] (agroal-11) Datasource 'postgresql': Connection to postgresql:5432 refused. Check that the hostname and port are correct and that the postmaster is accepting TCP/IP connections.
2025-08+00-05 18:18:25 WARN [io.quarkus.agroal.runtime.AgroalEventLoggingListener] (agroal-11) Datasource 'postgresql': Connection to postgresql:5432 refused. Check that the hostname and port are correct and that the postmaster is accepting TCP/IP connections.
2025-08+00-05 18:18:25 WARN [io.quarkus.agroal.runtime.AgroalEventLoggingListener] (agroal-11) Datasource 'postgresql': Connection to postgresql:5432 refused. Check that the hostname and port are correct and that the postmaster is accepting TCP/IP connections.
2025-08+00-05 18:18:25 WARN [io.quarkus.agroal.runtime.AgroalEventLoggingListener] (agroal-11) Datasource 'postgresql': Connection to postgresql:5432 refused. Check that the hostname and port are correct and that the postmaster is accepting TCP/IP connections.
2025-08+00-05 18:18:25 WARN [io.quarkus.agroal.runtime.AgroalEventLoggingListener] (agroal-11) Datasource 'postgresql': Connection to postgresql:5432 refused. Check that the hostname and port are correct and that the postmaster is accepting TCP/IP connections.
2025-08+00-05 18:18:25 WARN [io.quarkus.agroal.runtime.AgroalEventLoggingListener] (agroal-11) Datasource 'postgresql': Connection to postgresql:5432 refused. Check that the hostname and port are correct and that the postmaster is accepting TCP/IP connections.
2025-08+00-05 18:18:25 WARN [io.quarkus.agroal.runtime.AgroalEventLoggingListener] (agroal-11) Datasource 'postgresql': Connection to postgresql:5432 refused. Check that the hostname and port are correct and that the postmaster is accepting TCP/IP connections.
2025-08+00-05 18:18:25 WARN [io.quarkus.agroal.runtime.AgroalEventLoggingListener] (agroal-11) Datasource 'postgresql': Connection to postgresql:5432 refused. Check that the hostname and port are correct and that the postmaster is accepting TCP/IP connections.
2025-08+00-05 18:18:25 WARN [io.quarkus.agroal.runtime.AgroalEventLoggingListener] (agroal-11) Datasource 'postgresql': Connection to postgresql:5432 refused. Check that the hostname and port are correct and that the postmaster is accepting TCP/IP connections.
2025-08+00-05 18:18:25 WARN [io.quarkus.agroal.runtime.AgroalEventLoggingListener] (agroal-11) Datasource 'postgresql': Connection to postgresql:5432 refused. Check that the hostname and port are correct and that the postmaster is accepting TCP/IP connections.
2025-08+00-05 18:18:25 WARN [io.quarkus.agroal.runtime.AgroalEventLoggingListener] (agroal-11) Datasource 'postgresql': Connection to postgresql:5432 refused. Check that the hostname and port are correct and that the postmaster is accepting TCP/IP connections.
2025-08+00-05 18:18:26 INFO [io.apicurio.registry.storage.impl.sql.AbstractSqlRegistryStorage] (main) SqlRegistryStorage constructed successfully.
2025-08+00-05 18:18:26 INFO [io.apicurio.registry.storage.impl.sql.RegistryDatasourceProducer] (main) Using postgresql SQL storage.
2025-08+00-05 18:18:26 WARN [io.quarkus.agroal.runtime.AgroalEventLoggingListener] (agroal-11) Datasource 'postgresql': Connection to postgresql:5432 refused. Check that the hostname and port are correct and that the postmaster is accepting TCP/IP connections.
